{
  "RSpec": {
    "coverage": {
      "/Users/josephbudina/turing/mod_3/projects/level/level_front_end/app/helpers/application_helper.rb": {
        "lines": [
          1,
          null
        ]
      },
      "/Users/josephbudina/turing/mod_3/projects/level/level_front_end/app/helpers/dashboard_helper.rb": {
        "lines": [
          1,
          null
        ]
      },
      "/Users/josephbudina/turing/mod_3/projects/level/level_front_end/app/helpers/sessions_helper.rb": {
        "lines": [
          1,
          null
        ]
      },
      "/Users/josephbudina/turing/mod_3/projects/level/level_front_end/app/helpers/users_helper.rb": {
        "lines": [
          1,
          null
        ]
      },
      "/Users/josephbudina/turing/mod_3/projects/level/level_front_end/app/helpers/welcome_helper.rb": {
        "lines": [
          1,
          null
        ]
      },
      "/Users/josephbudina/turing/mod_3/projects/level/level_front_end/app/models/user.rb": {
        "lines": [
          1,
          1,
          1,
          1,
          null,
          1,
          null,
          5,
          5,
          5,
          5,
          5,
          5,
          5,
          null,
          null
        ]
      },
      "/Users/josephbudina/turing/mod_3/projects/level/level_front_end/app/models/application_record.rb": {
        "lines": [
          1,
          1,
          null
        ]
      },
      "/Users/josephbudina/turing/mod_3/projects/level/level_front_end/app/controllers/welcome_controller.rb": {
        "lines": [
          1,
          1,
          null,
          null,
          null
        ]
      },
      "/Users/josephbudina/turing/mod_3/projects/level/level_front_end/app/controllers/application_controller.rb": {
        "lines": [
          1,
          1,
          null,
          1,
          3,
          null,
          null,
          null
        ]
      },
      "/Users/josephbudina/turing/mod_3/projects/level/level_front_end/app/controllers/sessions_controller.rb": {
        "lines": [
          1,
          null,
          1,
          4,
          4,
          4,
          4,
          3,
          null,
          1,
          null,
          null,
          null,
          1,
          1,
          1,
          1,
          null,
          null
        ]
      },
      "/Users/josephbudina/turing/mod_3/projects/level/level_front_end/app/controllers/users_controller.rb": {
        "lines": [
          1,
          1,
          4,
          null,
          null,
          1,
          3,
          3,
          1,
          null,
          2,
          2,
          null,
          null,
          null,
          1,
          null,
          1,
          2,
          null,
          null
        ]
      },
      "/Users/josephbudina/turing/mod_3/projects/level/level_front_end/app/controllers/dashboard_controller.rb": {
        "lines": [
          1,
          1,
          3,
          null,
          null
        ]
      }
    },
    "timestamp": 1618452623
  }
}
